\BOOKMARK [0][]{thuchapter.1.0}{\376\377\166\356\000\040\137\125}{}% 1
\BOOKMARK [0][]{chapter.1}{\376\377\0001\000\040\176\352\213\272}{}% 2
\BOOKMARK [1][-]{section.1.1}{\376\377\0001\000.\0001\000\040\213\376\230\230\170\024\172\166\166\204\200\314\146\157\116\016\141\017\116\111}{chapter.1}% 3
\BOOKMARK [1][-]{section.1.2}{\376\377\0001\000.\0002\000\040\126\375\121\205\131\026\170\024\172\166\163\260\162\266}{chapter.1}% 4
\BOOKMARK [2][-]{subsection.1.2.1}{\376\377\0001\000.\0002\000.\0001\000\040\165\037\142\020\133\371\142\227\177\121\176\334\166\204\170\024\172\166\163\260\162\266}{section.1.2}% 5
\BOOKMARK [2][-]{subsection.1.2.2}{\376\377\0001\000.\0002\000.\0002\000\040\126\376\120\317\177\373\213\321\166\204\170\024\172\166\163\260\162\266}{section.1.2}% 6
\BOOKMARK [1][-]{section.1.3}{\376\377\0001\000.\0003\000\040\213\376\230\230\147\145\156\220}{chapter.1}% 7
\BOOKMARK [1][-]{section.1.4}{\376\377\0001\000.\0004\000\040\213\272\145\207\176\304\176\307\176\323\147\204\133\211\143\222}{chapter.1}% 8
\BOOKMARK [0][]{chapter.2}{\376\377\0002\000\040\165\037\142\020\133\371\142\227\177\121\176\334\116\016\126\376\120\317\177\373\213\321}{}% 9
\BOOKMARK [1][-]{section.2.1}{\376\377\0002\000.\0001\000\040\165\037\142\020\133\371\142\227\177\121\176\334\127\372\147\054\123\237\164\006}{chapter.2}% 10
\BOOKMARK [1][-]{section.2.2}{\376\377\0002\000.\0002\000\040\165\037\142\020\133\371\142\227\177\121\176\334\123\330\117\123}{chapter.2}% 11
\BOOKMARK [2][-]{subsection.2.2.1}{\376\377\0002\000.\0002\000.\0001\000\040\147\141\116\366\165\037\142\020\133\371\142\227\177\121\176\334}{section.2.2}% 12
\BOOKMARK [2][-]{subsection.2.2.2}{\376\377\0002\000.\0002\000.\0002\000\040\155\361\136\246\123\167\171\357\165\037\142\020\133\371\142\227\177\121\176\334}{section.2.2}% 13
\BOOKMARK [2][-]{subsection.2.2.3}{\376\377\0002\000.\0002\000.\0003\000\040\176\323\124\010\123\330\122\006\201\352\177\026\170\001\126\150\166\204\165\037\142\020\133\371\142\227\177\121\176\334}{section.2.2}% 14
\BOOKMARK [1][-]{section.2.3}{\376\377\0002\000.\0003\000\040\127\372\116\216\165\037\142\020\133\371\142\227\177\121\176\334\166\204\126\376\120\317\177\373\213\321}{chapter.2}% 15
\BOOKMARK [2][-]{subsection.2.3.1}{\376\377\0002\000.\0003\000.\0001\000\040\221\115\133\371\126\376\120\317\177\373\213\321}{section.2.3}% 16
\BOOKMARK [2][-]{subsection.2.3.2}{\376\377\0002\000.\0003\000.\0002\000\040\227\136\221\115\133\371\126\376\120\317\177\373\213\321\116\016\137\252\163\257\116\000\201\364}{section.2.3}% 17
\BOOKMARK [2][-]{subsection.2.3.3}{\376\377\0002\000.\0003\000.\0003\000\040\227\136\221\115\133\371\126\376\120\317\177\373\213\321\116\016\122\006\211\343\210\150\171\072}{section.2.3}% 18
\BOOKMARK [1][-]{section.2.4}{\376\377\0002\000.\0004\000\040\134\017\176\323}{chapter.2}% 19
\BOOKMARK [0][]{chapter.3}{\376\377\0003\000\040\127\372\116\216\165\037\142\020\133\371\142\227\177\121\176\334\166\204\131\032\166\356\150\007\137\142\123\330\126\376\120\317\177\373\213\321}{}% 20
\BOOKMARK [1][-]{section.3.1}{\376\377\0003\000.\0001\000\040\137\025\212\000}{chapter.3}% 21
\BOOKMARK [1][-]{section.3.2}{\376\377\0003\000.\0002\000\040\152\041\127\213\173\227\154\325}{chapter.3}% 22
\BOOKMARK [2][-]{subsection.3.2.1}{\376\377\0003\000.\0002\000.\0001\000\040\173\227\154\325\150\106\147\266}{section.3.2}% 23
\BOOKMARK [2][-]{subsection.3.2.2}{\376\377\0003\000.\0002\000.\0002\000\040\166\356\150\007\121\375\145\160}{section.3.2}% 24
\BOOKMARK [2][-]{subsection.3.2.3}{\376\377\0003\000.\0002\000.\0003\000\040\152\041\127\213\220\350\177\162}{section.3.2}% 25
\BOOKMARK [1][-]{section.3.3}{\376\377\0003\000.\0003\000\040\133\236\232\214}{chapter.3}% 26
\BOOKMARK [2][-]{subsection.3.3.1}{\376\377\0003\000.\0003\000.\0001\000\040\145\160\143\156\226\306\213\276\177\156}{section.3.3}% 27
\BOOKMARK [2][-]{subsection.3.3.2}{\376\377\0003\000.\0003\000.\0002\000\040\133\371\153\324\145\271\154\325}{section.3.3}% 28
\BOOKMARK [2][-]{subsection.3.3.3}{\376\377\0003\000.\0003\000.\0003\000\040\213\304\116\367\143\007\150\007}{section.3.3}% 29
\BOOKMARK [2][-]{subsection.3.3.4}{\376\377\0003\000.\0003\000.\0004\000\040\133\236\232\214\176\323\147\234\116\016\122\006\147\220}{section.3.3}% 30
\BOOKMARK [2][-]{subsection.3.3.5}{\376\377\0003\000.\0003\000.\0005\000\040\155\210\207\215\133\236\232\214\176\323\147\234\116\016\122\006\147\220}{section.3.3}% 31
\BOOKMARK [1][-]{section.3.4}{\376\377\0003\000.\0004\000\040\213\250\213\272}{chapter.3}% 32
\BOOKMARK [1][-]{section.3.5}{\376\377\0003\000.\0005\000\040\147\054\172\340\134\017\176\323}{chapter.3}% 33
\BOOKMARK [0][]{chapter.4}{\376\377\0004\000\040\127\372\116\216\165\037\142\020\133\371\142\227\177\121\176\334\166\204\154\064\116\013\126\376\120\317\177\373\213\321}{}% 34
\BOOKMARK [1][-]{section.4.1}{\376\377\0004\000.\0001\000\040\137\025\212\000}{chapter.4}% 35
\BOOKMARK [1][-]{section.4.2}{\376\377\0004\000.\0002\000\040\154\064\166\204\121\111\133\146\162\171\140\047}{chapter.4}% 36
\BOOKMARK [1][-]{section.4.3}{\376\377\0004\000.\0003\000\040\152\041\127\213\173\227\154\325}{chapter.4}% 37
\BOOKMARK [2][-]{subsection.4.3.1}{\376\377\0004\000.\0003\000.\0001\000\040\173\227\154\325\150\106\147\266}{section.4.3}% 38
\BOOKMARK [2][-]{subsection.4.3.2}{\376\377\0004\000.\0003\000.\0002\000\040\162\171\137\201\143\320\123\326\177\121\176\334}{section.4.3}% 39
\BOOKMARK [2][-]{subsection.4.3.3}{\376\377\0004\000.\0003\000.\0003\000\040\146\040\134\004\177\121\176\334}{section.4.3}% 40
\BOOKMARK [2][-]{subsection.4.3.4}{\376\377\0004\000.\0003\000.\0004\000\040\166\356\150\007\121\375\145\160}{section.4.3}% 41
\BOOKMARK [2][-]{subsection.4.3.5}{\376\377\0004\000.\0003\000.\0005\000\040\152\041\127\213\220\350\177\162}{section.4.3}% 42
\BOOKMARK [1][-]{section.4.4}{\376\377\0004\000.\0004\000\040\133\236\232\214}{chapter.4}% 43
\BOOKMARK [2][-]{subsection.4.4.1}{\376\377\0004\000.\0004\000.\0001\000\040\145\160\143\156\226\306\213\276\177\156}{section.4.4}% 44
\BOOKMARK [2][-]{subsection.4.4.2}{\376\377\0004\000.\0004\000.\0002\000\040\133\371\153\324\145\271\154\325}{section.4.4}% 45
\BOOKMARK [2][-]{subsection.4.4.3}{\376\377\0004\000.\0004\000.\0003\000\040\213\304\116\367\143\007\150\007}{section.4.4}% 46
\BOOKMARK [2][-]{subsection.4.4.4}{\376\377\0004\000.\0004\000.\0004\000\040\133\236\232\214\176\323\147\234\116\016\122\006\147\220}{section.4.4}% 47
\BOOKMARK [2][-]{subsection.4.4.5}{\376\377\0004\000.\0004\000.\0005\000\040\155\210\207\215\133\236\232\214\176\323\147\234\116\016\122\006\147\220}{section.4.4}% 48
\BOOKMARK [1][-]{section.4.5}{\376\377\0004\000.\0005\000\040\213\250\213\272}{chapter.4}% 49
\BOOKMARK [1][-]{section.4.6}{\376\377\0004\000.\0006\000\040\147\054\172\340\134\017\176\323}{chapter.4}% 50
\BOOKMARK [0][]{chapter.5}{\376\377\0005\000\040\140\073\176\323\116\016\134\125\147\033}{}% 51
\BOOKMARK [1][-]{section.5.1}{\376\377\0005\000.\0001\000\040\140\073\176\323}{chapter.5}% 52
\BOOKMARK [1][-]{section.5.2}{\376\377\0005\000.\0002\000\040\134\125\147\033}{chapter.5}% 53
\BOOKMARK [0][]{thuchapter.2.0}{\376\377\123\302\200\003\145\207\163\056}{}% 54
\BOOKMARK [0][]{section*.41}{\376\377\201\364\000\040\214\042}{}% 55
\BOOKMARK [0][]{section*.43}{\376\377\116\052\116\272\173\200\123\206\060\001\127\050\133\146\147\037\225\364\123\321\210\150\166\204\133\146\147\057\213\272\145\207\116\016\170\024\172\166\142\020\147\234}{}% 56
